Build started 2015/5/14 21:18:39.
     1>Project "C:\src\mongodb-in-financial-market\query\matlab\decompress\decompress\decompress.vcxproj" on node 2 (Build target(s)).
     1>ClCompile:
         C:\Program Files (x86)\Microsoft Visual Studio 12.0\VC\bin\x86_amd64\CL.exe /c /Zi /nologo /W3 /WX- /sdl /O2 /Oi /GL /D _WINDLL /D _MBCS /Gm- /EHsc /MD /GS /Gy /fp:precise /Zc:wchar_t /Zc:forScope /Fo"x64\Release\\" /Fd"x64\Release\vc120.pdb" /Gd /TC /errorReport:prompt decompress.c
         decompress.c
     1>decompress.c(66): warning C4018: '<' : signed/unsigned mismatch
         C:\Program Files (x86)\Microsoft Visual Studio 12.0\VC\bin\x86_amd64\CL.exe /c /Zi /nologo /W3 /WX- /sdl /O2 /Oi /GL /D _WINDLL /D _MBCS /Gm- /EHsc /MD /GS /Gy /fp:precise /Zc:wchar_t /Zc:forScope /Fo"x64\Release\\" /Fd"x64\Release\vc120.pdb" /Gd /TP /errorReport:prompt parser.cpp
         parser.cpp
     1>parser.cpp(18): warning C4267: '=' : conversion from 'size_t' to 'int', possible loss of data
     1>parser.cpp(21): warning C4267: 'initializing' : conversion from 'size_t' to 'int', possible loss of data
     1>parser.cpp(195): warning C4267: '=' : conversion from 'size_t' to 'int', possible loss of data
     1>parser.cpp(224): warning C4267: '=' : conversion from 'size_t' to 'unsigned int', possible loss of data
       Link:
         C:\Program Files (x86)\Microsoft Visual Studio 12.0\VC\bin\x86_amd64\link.exe /ERRORREPORT:PROMPT /OUT:"C:\src\mongodb-in-financial-market\query\matlab\decompress\x64\Release\decompress.dll" /NOLOGO lzma.lib kernel32.lib user32.lib gdi32.lib winspool.lib comdlg32.lib advapi32.lib shell32.lib ole32.lib oleaut32.lib uuid.lib odbc32.lib odbccp32.lib /MANIFEST /MANIFESTUAC:"level='asInvoker' uiAccess='false'" /manifest:embed /DEBUG /PDB:"C:\src\mongodb-in-financial-market\query\matlab\decompress\x64\Release\decompress.pdb" /OPT:REF /OPT:ICF /LTCG /TLBID:1 /DYNAMICBASE /NXCOMPAT /IMPLIB:"C:\src\mongodb-in-financial-market\query\matlab\decompress\x64\Release\decompress.lib" /MACHINE:X64 /DLL x64\Release\decompress.obj
         x64\Release\parser.obj
            Creating library C:\src\mongodb-in-financial-market\query\matlab\decompress\x64\Release\decompress.lib and object C:\src\mongodb-in-financial-market\query\matlab\decompress\x64\Release\decompress.exp
         Generating code
         Finished generating code
         decompress.vcxproj -> C:\src\mongodb-in-financial-market\query\matlab\decompress\x64\Release\decompress.dll
     1>Done Building Project "C:\src\mongodb-in-financial-market\query\matlab\decompress\decompress\decompress.vcxproj" (Build target(s)).

Build succeeded.

Time Elapsed 00:00:02.96
